<?xml version="1.0" encoding="UTF-8"?>
<!-- Generated by org.testng.reporters.JUnitReportReporter -->
<testsuite skipped="0" hostname="TXCHD-PC-001" name="demo_app.RestApiTest" tests="1" failures="0" timestamp="25 Feb 2019 05:20:11 GMT" time="0.001" errors="0">
  <testcase name="RestApiTest" time="0.001" classname="demo_app.RestApiTest"/>
</testsuite> <!-- demo_app.RestApiTest -->
