<?xml version="1.0" encoding="UTF-8"?>
<!-- Generated by org.testng.reporters.JUnitReportReporter -->
<testsuite skipped="0" hostname="TXCHD-PC-001" name="demo_app.SeleniumTest" tests="1" failures="0" timestamp="25 Feb 2019 05:20:11 GMT" time="0.000" errors="0">
  <testcase name="SeleniumTest" time="0.000" classname="demo_app.SeleniumTest"/>
</testsuite> <!-- demo_app.SeleniumTest -->
