<?xml version="1.0" encoding="UTF-8"?>
<!-- Generated by org.testng.reporters.JUnitReportReporter -->
<testsuite skipped="0" hostname="TXCHD-PC-001" name="demo_app.AppiumTest" tests="1" failures="0" timestamp="25 Feb 2019 05:20:11 GMT" time="0.006" errors="0">
  <testcase name="AppiumTest" time="0.006" classname="demo_app.AppiumTest"/>
</testsuite> <!-- demo_app.AppiumTest -->
