<?xml version="1.0" encoding="UTF-8"?>
<!-- Generated by org.testng.reporters.JUnitReportReporter -->
<testsuite hostname="TXCHD-PC-001" failures="0" tests="1" name="demo_app.SeleniumTest" time="0.003" errors="0" timestamp="25 Feb 2019 06:00:11 GMT" skipped="0">
  <testcase classname="demo_app.SeleniumTest" name="Selenium1Test" time="0.003"/>
</testsuite> <!-- demo_app.SeleniumTest -->
