<?xml version="1.0" encoding="UTF-8"?>
<!-- Generated by org.testng.reporters.JUnitReportReporter -->
<testsuite hostname="TXCHD-PC-001" failures="0" tests="1" name="demo_app.AppiumTest" time="0.003" errors="0" timestamp="25 Feb 2019 05:51:03 GMT" skipped="0">
  <testcase classname="demo_app.AppiumTest" name="Appium1Test" time="0.003"/>
</testsuite> <!-- demo_app.AppiumTest -->
