<?xml version="1.0" encoding="UTF-8"?>
<!-- Generated by org.testng.reporters.JUnitReportReporter -->
<testsuite hostname="TXCHD-PC-001" failures="0" tests="1" name="demo_app.RestApiTest" time="0.000" errors="0" timestamp="25 Feb 2019 05:48:22 GMT" skipped="0">
  <testcase classname="demo_app.RestApiTest" name="RestApi1Test" time="0.000"/>
</testsuite> <!-- demo_app.RestApiTest -->
